<?xml version="1.0" encoding="UTF-8"?>
<!-- Generated by org.testng.reporters.JUnitXMLReporter -->
<testsuite ignored="0" hostname="Mypc" failures="1" tests="3" name="Test" time="2.074" errors="0" timestamp="17 Jul 2020 14:51:43 GMT">
  <testcase classname="com.testDriver.TestDriver" name="introTest" time="1.128"/>
  <testcase classname="com.testDriver.TestDriver" name="testCase1" time="0.013"/>
  <testcase classname="com.testDriver.TestDriver" name="testCase2" time="0.009">
    <failure type="java.lang.AssertionError" message="expected [false] but found [true]">
      <![CDATA[java.lang.AssertionError: expected [false] but found [true]
at com.mainbody.TestScenarios.secondTestCase(TestScenarios.java:25)
at com.testDriver.TestDriver.testCase2(TestDriver.java:43)
... Removed 32 stack frames]]>
    </failure>
  </testcase> <!-- testCase2 -->
</testsuite> <!-- Test -->
