<?xml version="1.0" encoding="UTF-8"?>
<!-- Generated by org.testng.reporters.JUnitXMLReporter -->
<testsuite ignored="0" hostname="Mypc" failures="1" tests="3" name="Test" time="3.811" errors="0" timestamp="18 Jul 2020 11:06:38 GMT">
  <testcase classname="com.testDriver.TestDriver" name="introTest" time="2.216"/>
  <testcase classname="com.testDriver.TestDriver" name="testCase1" time="0.012"/>
  <testcase classname="com.testDriver.TestDriver" name="testCase2" time="0.008">
    <failure type="java.lang.AssertionError" message="expected [false] but found [true]">
      <![CDATA[java.lang.AssertionError: expected [false] but found [true]
at com.mainbody.TestScenarios.secondTestCase(TestScenarios.java:25)
at com.testDriver.TestDriver.testCase2(TestDriver.java:43)
... Removed 32 stack frames]]>
    </failure>
  </testcase> <!-- testCase2 -->
</testsuite> <!-- Test -->
