<?xml version="1.0" encoding="UTF-8"?>
<testsuite name="TestSuite" time="1.188" tests="3" errors="0" skipped="0" failures="1">
  <properties>
[...]
</properties>
  <testcase name="introTest" classname="com.testDriver.TestDriver" time="1.128"/>
  <testcase name="testCase1" classname="com.testDriver.TestDriver" time="0.012"/>
  <testcase name="testCase2" classname="com.testDriver.TestDriver" time="0.048">
    <failure message="expected [false] but found [true]" type="java.lang.AssertionError">java.lang.AssertionError: expected [false] but found [true]
	at org.testng.Assert.fail(Assert.java:96)
	at org.testng.Assert.failNotEquals(Assert.java:776)
	at org.testng.Assert.assertFalse(Assert.java:65)
	at org.testng.Assert.assertFalse(Assert.java:75)
	at com.mainbody.TestScenarios.secondTestCase(TestScenarios.java:25)
	at com.testDriver.TestDriver.testCase2(TestDriver.java:43)
</failure>
    <system-out><![CDATA[Failed Test case
]]></system-out>
    <system-err><![CDATA[[DelegatingClassLoader@51b77cdf] error at io\qameta\allure\aspects\StepsAspects.java::0 the @annotation pointcut expression is only supported at Java 5 compliance level or above
[DelegatingClassLoader@51b77cdf] error at io\qameta\allure\aspects\AttachmentsAspects.java::0 the @annotation pointcut expression is only supported at Java 5 compliance level or above
[DelegatingClassLoader@726934e2] error at io\qameta\allure\aspects\StepsAspects.java::0 the @annotation pointcut expression is only supported at Java 5 compliance level or above
[DelegatingClassLoader@726934e2] error at io\qameta\allure\aspects\AttachmentsAspects.java::0 the @annotation pointcut expression is only supported at Java 5 compliance level or above
]]></system-err>
  </testcase>
</testsuite>